Log file open, 01/18/21 06:48:07
LogWindows: Failed to load 'aqProf.dll' (GetLastError=126)
LogWindows: File 'aqProf.dll' does not exist
LogWindows: Failed to load 'VtuneApi.dll' (GetLastError=126)
LogWindows: File 'VtuneApi.dll' does not exist
LogWindows: Failed to load 'VtuneApi32e.dll' (GetLastError=126)
LogWindows: File 'VtuneApi32e.dll' does not exist
LogConsoleResponse: Display: Failed to find resolution value strings in scalability ini. Falling back to default.
LogPakFile: Registered encryption key '00000000000000000000000000000000': 0 pak files mounted, 0 remain pending
LogPakFile: Display: Found Pak file ../../../StaticBaseDefense/Content/Paks/StaticBaseDefense-WindowsNoEditor.pak attempting to mount.
LogPakFile: Display: Mounting pak file ../../../StaticBaseDefense/Content/Paks/StaticBaseDefense-WindowsNoEditor.pak.
LogPlatformFile: Not using cached read wrapper
LogTaskGraph: Started task graph with 5 named threads and 35 total threads with 3 sets of task threads.
LogStats: Stats thread started at 0.566738
LogICUInternationalization: ICU TimeZone Detection - Raw Offset: +1:00, Platform Override: ''
LogPluginManager: Mounting plugin Paper2D
LogPluginManager: Mounting plugin AISupport
LogPluginManager: Mounting plugin LightPropagationVolume
LogPluginManager: Mounting plugin AnimationSharing
LogPluginManager: Mounting plugin SignificanceManager
LogPluginManager: Mounting plugin AssetManagerEditor
LogPluginManager: Mounting plugin CryptoKeys
LogPluginManager: Mounting plugin FacialAnimation
LogPluginManager: Mounting plugin DatasmithContent
LogPluginManager: Mounting plugin VariantManagerContent
LogPluginManager: Mounting plugin AlembicImporter
LogPluginManager: Mounting plugin GeometryCache
LogPluginManager: Mounting plugin AppleImageUtils
LogPluginManager: Mounting plugin AppleVision
LogPluginManager: Mounting plugin BackChannel
LogPluginManager: Mounting plugin CharacterAI
LogPluginManager: Mounting plugin HTML5Networking
LogPluginManager: Mounting plugin AvfMedia
LogPluginManager: Mounting plugin ImgMedia
LogPluginManager: Mounting plugin LinearTimecode
LogPluginManager: Mounting plugin MediaCompositing
LogPluginManager: Mounting plugin WmfMedia
LogPluginManager: Mounting plugin TcpMessaging
LogPluginManager: Mounting plugin UdpMessaging
LogPluginManager: Mounting plugin ActorSequence
LogPluginManager: Mounting plugin NetcodeUnitTest
LogPluginManager: Mounting plugin OnlineSubsystemNull
LogPluginManager: Mounting plugin OnlineSubsystem
LogPluginManager: Mounting plugin OnlineSubsystemUtils
LogPluginManager: Mounting plugin LauncherChunkInstaller
LogPluginManager: Mounting plugin AndroidPermission
LogPluginManager: Mounting plugin ArchVisCharacter
LogPluginManager: Mounting plugin AudioCapture
LogPluginManager: Mounting plugin CableComponent
LogPluginManager: Mounting plugin CustomMeshComponent
LogPluginManager: Mounting plugin EditableMesh
LogPluginManager: Mounting plugin ExampleDeviceProfileSelector
LogPluginManager: Mounting plugin LocationServicesBPLibrary
LogPluginManager: Mounting plugin MobilePatchingUtils
LogPluginManager: Mounting plugin OculusVR
LogPluginManager: Mounting plugin ProceduralMeshComponent
LogPluginManager: Mounting plugin PhysXVehicles
LogPluginManager: Mounting plugin RuntimePhysXCooking
LogPluginManager: Mounting plugin SteamVR
LogPluginManager: Mounting plugin WindowsMoviePlayer
LogInit: Using libcurl 7.55.1-DEV
LogInit:  - built for i386-pc-win32
LogInit:  - supports SSL with OpenSSL/1.1.1
LogInit:  - supports HTTP deflate (compression) using libz 1.2.8
LogInit:  - other features:
LogInit:      CURL_VERSION_SSL
LogInit:      CURL_VERSION_LIBZ
LogInit:      CURL_VERSION_IPV6
LogInit:      CURL_VERSION_ASYNCHDNS
LogInit:      CURL_VERSION_LARGEFILE
LogInit:      CURL_VERSION_IDN
LogInit:  CurlRequestOptions (configurable via config and command line):
LogInit:  - bVerifyPeer = true  - Libcurl will verify peer certificate
LogInit:  - bUseHttpProxy = false  - Libcurl will NOT use HTTP proxy
LogInit:  - bDontReuseConnections = false  - Libcurl will reuse connections
LogInit:  - MaxHostConnections = 16  - Libcurl will limit the number of connections to a host
LogInit:  - LocalHostAddr = Default
LogInit:  - BufferSize = 65536
LogInit: WinSock: version 1.1 (2.2), MaxSocks=32767, MaxUdp=65467
LogInit: Build: ++UE4+Release-4.22-CL-7053642
LogInit: Engine Version: 4.22.3-7053642+++UE4+Release-4.22
LogInit: Compatible Engine Version: 4.22.0-5660361+++UE4+Release-4.22
LogInit: Net CL: 5660361
LogInit: OS: Windows 10 (Release 2004) (), CPU: Intel(R) Core(TM) i7-8750H CPU @ 2.20GHz, GPU: Intel(R) UHD Graphics 630
LogInit: Compiled (32-bit): Jun 18 2019 03:24:15
LogInit: Compiled with Visual C++: 19.16.27025.01
LogInit: Build Configuration: Development
LogInit: Branch Name: ++UE4+Release-4.22
LogInit: Command Line: 
LogInit: Base Directory: C:/Users/kchan/Desktop/StaticBaseDefense/Build/WindowsNoEditor/StaticBaseDefense/Binaries/Win32/
LogInit: Installed Engine Build: 0
LogDevObjectVersion: Number of dev versions registered: 23
LogDevObjectVersion:   Dev-Blueprints (B0D832E4-1F89-4F0D-ACCF-7EB736FD4AA2): 10
LogDevObjectVersion:   Dev-Build (E1C64328-A22C-4D53-A36C-8E866417BD8C): 0
LogDevObjectVersion:   Dev-Core (375EC13C-06E4-48FB-B500-84F0262A717E): 3
LogDevObjectVersion:   Dev-Editor (E4B068ED-F494-42E9-A231-DA0B2E46BB41): 30
LogDevObjectVersion:   Dev-Framework (CFFC743F-43B0-4480-9391-14DF171D2073): 35
LogDevObjectVersion:   Dev-Mobile (B02B49B5-BB20-44E9-A304-32B752E40360): 2
LogDevObjectVersion:   Dev-Networking (A4E4105C-59A1-49B5-A7C5-40C4547EDFEE): 0
LogDevObjectVersion:   Dev-Online (39C831C9-5AE6-47DC-9A44-9C173E1C8E7C): 0
LogDevObjectVersion:   Dev-Physics (78F01B33-EBEA-4F98-B9B4-84EACCB95AA2): 0
LogDevObjectVersion:   Dev-Platform (6631380F-2D4D-43E0-8009-CF276956A95A): 0
LogDevObjectVersion:   Dev-Rendering (12F88B9F-8875-4AFC-A67C-D90C383ABD29): 28
LogDevObjectVersion:   Dev-Sequencer (7B5AE74C-D270-4C10-A958-57980B212A5A): 11
LogDevObjectVersion:   Dev-VR (D7296918-1DD6-4BDD-9DE2-64A83CC13884): 2
LogDevObjectVersion:   Dev-LoadTimes (C2A15278-BFE7-4AFE-6C17-90FF531DF755): 1
LogDevObjectVersion:   Private-Geometry (6EACA3D4-40EC-4CC1-B786-8BED09428FC5): 3
LogDevObjectVersion:   Dev-AnimPhys (29E575DD-E0A3-4627-9D10-D276232CDCEA): 17
LogDevObjectVersion:   Dev-Anim (AF43A65D-7FD3-4947-9873-3E8ED9C1BB05): 2
LogDevObjectVersion:   Dev-ReflectionCapture (6B266CEC-1EC7-4B8F-A30B-E4D90942FC07): 1
LogDevObjectVersion:   Dev-Automation (0DF73D61-A23F-47EA-B727-89E90C41499A): 1
LogDevObjectVersion:   FortniteMain (601D1886-AC64-4F84-AA16-D3DE0DEAC7D6): 25
LogDevObjectVersion:   Dev-Enterprise (9DFFBCD6-494F-0158-E221-12823C92A888): 6
LogDevObjectVersion:   Dev-Niagara (F2AED0AC-9AFE-416F-8664-AA7FFA26D6FC): 1
LogDevObjectVersion:   Dev-Destruction (174F1F0B-B4C6-45A5-B13F-2EE8D0FB917D): 2
LogInit: Presizing for max 2097152 objects, including 1 objects not considered by GC, pre-allocating 0 bytes for permanent pool.
LogStreaming: Display: Async Loading initialized: Event Driven Loader: true, Async Loading Thread: false, Async Post Load: true
LogInit: Object subsystem initialized
LogConfig: Setting CVar [[con.DebugEarlyDefault:1]]
LogConfig: Setting CVar [[r.setres:1280x720]]
[2021.01.18-05.48.08:013][  0]LogConfig: Setting CVar [[con.DebugEarlyDefault:1]]
[2021.01.18-05.48.08:013][  0]LogConfig: Setting CVar [[r.setres:1280x720]]
[2021.01.18-05.48.08:013][  0]LogConfig: Applying CVar settings from Section [/Script/Engine.RendererSettings] File [../../../StaticBaseDefense/Saved/Config/WindowsNoEditor/Engine.ini]
[2021.01.18-05.48.08:013][  0]LogConfig: Setting CVar [[r.GPUCrashDebugging:0]]
[2021.01.18-05.48.08:013][  0]LogConfig: Setting CVar [[r.DefaultFeature.AutoExposure.ExtendDefaultLuminanceRange:1]]
[2021.01.18-05.48.08:013][  0]LogConfig: Applying CVar settings from Section [/Script/Engine.RendererOverrideSettings] File [../../../StaticBaseDefense/Saved/Config/WindowsNoEditor/Engine.ini]
[2021.01.18-05.48.08:013][  0]LogConfig: Applying CVar settings from Section [/Script/Engine.StreamingSettings] File [../../../StaticBaseDefense/Saved/Config/WindowsNoEditor/Engine.ini]
[2021.01.18-05.48.08:013][  0]LogConfig: Setting CVar [[s.MinBulkDataSizeForAsyncLoading:131072]]
[2021.01.18-05.48.08:013][  0]LogConfig: Setting CVar [[s.AsyncLoadingThreadEnabled:0]]
[2021.01.18-05.48.08:013][  0]LogConfig: Setting CVar [[s.EventDrivenLoaderEnabled:1]]
[2021.01.18-05.48.08:013][  0]LogConfig: Setting CVar [[s.WarnIfTimeLimitExceeded:0]]
[2021.01.18-05.48.08:013][  0]LogConfig: Setting CVar [[s.TimeLimitExceededMultiplier:1.5]]
[2021.01.18-05.48.08:013][  0]LogConfig: Setting CVar [[s.TimeLimitExceededMinTime:0.005]]
[2021.01.18-05.48.08:013][  0]LogConfig: Setting CVar [[s.UseBackgroundLevelStreaming:1]]
[2021.01.18-05.48.08:013][  0]LogConfig: Setting CVar [[s.PriorityAsyncLoadingExtraTime:15.0]]
[2021.01.18-05.48.08:013][  0]LogConfig: Setting CVar [[s.LevelStreamingActorsUpdateTimeLimit:5.0]]
[2021.01.18-05.48.08:013][  0]LogConfig: Setting CVar [[s.PriorityLevelStreamingActorsUpdateExtraTime:5.0]]
[2021.01.18-05.48.08:013][  0]LogConfig: Setting CVar [[s.LevelStreamingComponentsRegistrationGranularity:10]]
[2021.01.18-05.48.08:013][  0]LogConfig: Setting CVar [[s.UnregisterComponentsTimeLimit:1.0]]
[2021.01.18-05.48.08:013][  0]LogConfig: Setting CVar [[s.LevelStreamingComponentsUnregistrationGranularity:5]]
[2021.01.18-05.48.08:014][  0]LogConfig: Applying CVar settings from Section [/Script/Engine.GarbageCollectionSettings] File [../../../StaticBaseDefense/Saved/Config/WindowsNoEditor/Engine.ini]
[2021.01.18-05.48.08:014][  0]LogConfig: Setting CVar [[gc.MaxObjectsNotConsideredByGC:1]]
[2021.01.18-05.48.08:014][  0]LogConfig: Setting CVar [[gc.SizeOfPermanentObjectPool:0]]
[2021.01.18-05.48.08:014][  0]LogConfig: Setting CVar [[gc.FlushStreamingOnGC:0]]
[2021.01.18-05.48.08:014][  0]LogConfig: Setting CVar [[gc.NumRetriesBeforeForcingGC:10]]
[2021.01.18-05.48.08:014][  0]LogConfig: Setting CVar [[gc.AllowParallelGC:1]]
[2021.01.18-05.48.08:014][  0]LogConfig: Setting CVar [[gc.TimeBetweenPurgingPendingKillObjects:61.1]]
[2021.01.18-05.48.08:014][  0]LogConfig: Setting CVar [[gc.MaxObjectsInEditor:16777216]]
[2021.01.18-05.48.08:014][  0]LogConfig: Setting CVar [[gc.IncrementalBeginDestroyEnabled:1]]
[2021.01.18-05.48.08:014][  0]LogConfig: Setting CVar [[gc.CreateGCClusters:1]]
[2021.01.18-05.48.08:014][  0]LogConfig: Setting CVar [[gc.MinGCClusterSize:5]]
[2021.01.18-05.48.08:014][  0]LogConfig: Setting CVar [[gc.ActorClusteringEnabled:0]]
[2021.01.18-05.48.08:014][  0]LogConfig: Setting CVar [[gc.BlueprintClusteringEnabled:0]]
[2021.01.18-05.48.08:014][  0]LogConfig: Setting CVar [[gc.UseDisregardForGCOnDedicatedServers:0]]
[2021.01.18-05.48.08:014][  0]LogConfig: Applying CVar settings from Section [/Script/Engine.NetworkSettings] File [../../../StaticBaseDefense/Saved/Config/WindowsNoEditor/Engine.ini]
[2021.01.18-05.48.08:016][  0]LogConfig: Applying CVar settings from Section [ViewDistanceQuality@3] File [../../../StaticBaseDefense/Saved/Config/WindowsNoEditor/Scalability.ini]
[2021.01.18-05.48.08:016][  0]LogConfig: Setting CVar [[r.SkeletalMeshLODBias:0]]
[2021.01.18-05.48.08:016][  0]LogConfig: Setting CVar [[r.ViewDistanceScale:1.0]]
[2021.01.18-05.48.08:016][  0]LogConfig: Applying CVar settings from Section [AntiAliasingQuality@3] File [../../../StaticBaseDefense/Saved/Config/WindowsNoEditor/Scalability.ini]
[2021.01.18-05.48.08:016][  0]LogConfig: Setting CVar [[r.PostProcessAAQuality:4]]
[2021.01.18-05.48.08:016][  0]LogConfig: Applying CVar settings from Section [ShadowQuality@3] File [../../../StaticBaseDefense/Saved/Config/WindowsNoEditor/Scalability.ini]
[2021.01.18-05.48.08:016][  0]LogConfig: Setting CVar [[r.LightFunctionQuality:1]]
[2021.01.18-05.48.08:017][  0]LogConfig: Setting CVar [[r.ShadowQuality:5]]
[2021.01.18-05.48.08:017][  0]LogConfig: Setting CVar [[r.Shadow.CSM.MaxCascades:10]]
[2021.01.18-05.48.08:017][  0]LogConfig: Setting CVar [[r.Shadow.MaxResolution:2048]]
[2021.01.18-05.48.08:017][  0]LogConfig: Setting CVar [[r.Shadow.MaxCSMResolution:2048]]
[2021.01.18-05.48.08:017][  0]LogConfig: Setting CVar [[r.Shadow.RadiusThreshold:0.01]]
[2021.01.18-05.48.08:017][  0]LogConfig: Setting CVar [[r.Shadow.DistanceScale:1.0]]
[2021.01.18-05.48.08:017][  0]LogConfig: Setting CVar [[r.Shadow.CSM.TransitionScale:1.0]]
[2021.01.18-05.48.08:017][  0]LogConfig: Setting CVar [[r.Shadow.PreShadowResolutionFactor:1.0]]
[2021.01.18-05.48.08:017][  0]LogConfig: Setting CVar [[r.DistanceFieldShadowing:1]]
[2021.01.18-05.48.08:017][  0]LogConfig: Setting CVar [[r.DistanceFieldAO:1]]
[2021.01.18-05.48.08:017][  0]LogConfig: Setting CVar [[r.AOQuality:2]]
[2021.01.18-05.48.08:017][  0]LogConfig: Setting CVar [[r.VolumetricFog:1]]
[2021.01.18-05.48.08:017][  0]LogConfig: Setting CVar [[r.VolumetricFog.GridPixelSize:8]]
[2021.01.18-05.48.08:017][  0]LogConfig: Setting CVar [[r.VolumetricFog.GridSizeZ:128]]
[2021.01.18-05.48.08:017][  0]LogConfig: Setting CVar [[r.VolumetricFog.HistoryMissSupersampleCount:4]]
[2021.01.18-05.48.08:017][  0]LogConfig: Setting CVar [[r.LightMaxDrawDistanceScale:1]]
[2021.01.18-05.48.08:017][  0]LogConfig: Setting CVar [[r.CapsuleShadows:1]]
[2021.01.18-05.48.08:017][  0]LogConfig: Applying CVar settings from Section [PostProcessQuality@3] File [../../../StaticBaseDefense/Saved/Config/WindowsNoEditor/Scalability.ini]
[2021.01.18-05.48.08:017][  0]LogConfig: Setting CVar [[r.MotionBlurQuality:4]]
[2021.01.18-05.48.08:017][  0]LogConfig: Setting CVar [[r.AmbientOcclusionMipLevelFactor:0.4]]
[2021.01.18-05.48.08:017][  0]LogConfig: Setting CVar [[r.AmbientOcclusionMaxQuality:100]]
[2021.01.18-05.48.08:017][  0]LogConfig: Setting CVar [[r.AmbientOcclusionLevels:-1]]
[2021.01.18-05.48.08:018][  0]LogConfig: Setting CVar [[r.AmbientOcclusionRadiusScale:1.0]]
[2021.01.18-05.48.08:018][  0]LogConfig: Setting CVar [[r.DepthOfFieldQuality:2]]
[2021.01.18-05.48.08:018][  0]LogConfig: Setting CVar [[r.RenderTargetPoolMin:400]]
[2021.01.18-05.48.08:018][  0]LogConfig: Setting CVar [[r.LensFlareQuality:2]]
[2021.01.18-05.48.08:018][  0]LogConfig: Setting CVar [[r.SceneColorFringeQuality:1]]
[2021.01.18-05.48.08:018][  0]LogConfig: Setting CVar [[r.EyeAdaptationQuality:2]]
[2021.01.18-05.48.08:018][  0]LogConfig: Setting CVar [[r.BloomQuality:5]]
[2021.01.18-05.48.08:018][  0]LogConfig: Setting CVar [[r.FastBlurThreshold:100]]
[2021.01.18-05.48.08:018][  0]LogConfig: Setting CVar [[r.Upscale.Quality:3]]
[2021.01.18-05.48.08:018][  0]LogConfig: Setting CVar [[r.Tonemapper.GrainQuantization:1]]
[2021.01.18-05.48.08:018][  0]LogConfig: Setting CVar [[r.LightShaftQuality:1]]
[2021.01.18-05.48.08:018][  0]LogConfig: Setting CVar [[r.Filter.SizeScale:1]]
[2021.01.18-05.48.08:018][  0]LogConfig: Setting CVar [[r.Tonemapper.Quality:5]]
[2021.01.18-05.48.08:018][  0]LogConfig: Setting CVar [[r.DOF.Gather.AccumulatorQuality:1        ; higher gathering accumulator quality]]
[2021.01.18-05.48.08:018][  0]LogConfig: Setting CVar [[r.DOF.Gather.PostfilterMethod:1          ; Median3x3 postfilering method]]
[2021.01.18-05.48.08:018][  0]LogConfig: Setting CVar [[r.DOF.Gather.EnableBokehSettings:0       ; no bokeh simulation when gathering]]
[2021.01.18-05.48.08:018][  0]LogConfig: Setting CVar [[r.DOF.Gather.RingCount:4                 ; medium number of samples when gathering]]
[2021.01.18-05.48.08:018][  0]LogConfig: Setting CVar [[r.DOF.Scatter.ForegroundCompositing:1    ; additive foreground scattering]]
[2021.01.18-05.48.08:018][  0]LogConfig: Setting CVar [[r.DOF.Scatter.BackgroundCompositing:2    ; additive background scattering]]
[2021.01.18-05.48.08:018][  0]LogConfig: Setting CVar [[r.DOF.Scatter.EnableBokehSettings:1      ; bokeh simulation when scattering]]
[2021.01.18-05.48.08:018][  0]LogConfig: Setting CVar [[r.DOF.Scatter.MaxSpriteRatio:0.1         ; only a maximum of 10% of scattered bokeh]]
[2021.01.18-05.48.08:018][  0]LogConfig: Setting CVar [[r.DOF.Recombine.Quality:1                ; cheap slight out of focus]]
[2021.01.18-05.48.08:019][  0]LogConfig: Setting CVar [[r.DOF.Recombine.EnableBokehSettings:0    ; no bokeh simulation on slight out of focus]]
[2021.01.18-05.48.08:019][  0]LogConfig: Setting CVar [[r.DOF.TemporalAAQuality:1                ; more stable temporal accumulation]]
[2021.01.18-05.48.08:019][  0]LogConfig: Setting CVar [[r.DOF.Kernel.MaxForegroundRadius:0.025]]
[2021.01.18-05.48.08:019][  0]LogConfig: Setting CVar [[r.DOF.Kernel.MaxBackgroundRadius:0.025]]
[2021.01.18-05.48.08:019][  0]LogConfig: Applying CVar settings from Section [TextureQuality@3] File [../../../StaticBaseDefense/Saved/Config/WindowsNoEditor/Scalability.ini]
[2021.01.18-05.48.08:019][  0]LogConfig: Setting CVar [[r.Streaming.MipBias:0]]
[2021.01.18-05.48.08:019][  0]LogConfig: Setting CVar [[r.Streaming.AmortizeCPUToGPUCopy:0]]
[2021.01.18-05.48.08:019][  0]LogConfig: Setting CVar [[r.Streaming.MaxNumTexturesToStreamPerFrame:0]]
[2021.01.18-05.48.08:019][  0]LogConfig: Setting CVar [[r.Streaming.Boost:1]]
[2021.01.18-05.48.08:019][  0]LogConfig: Setting CVar [[r.MaxAnisotropy:8]]
[2021.01.18-05.48.08:019][  0]LogConfig: Setting CVar [[r.Streaming.LimitPoolSizeToVRAM:0]]
[2021.01.18-05.48.08:019][  0]LogConfig: Setting CVar [[r.Streaming.PoolSize:1000]]
[2021.01.18-05.48.08:019][  0]LogConfig: Setting CVar [[r.Streaming.MaxEffectiveScreenSize:0]]
[2021.01.18-05.48.08:019][  0]LogConfig: Applying CVar settings from Section [EffectsQuality@3] File [../../../StaticBaseDefense/Saved/Config/WindowsNoEditor/Scalability.ini]
[2021.01.18-05.48.08:019][  0]LogConfig: Setting CVar [[r.TranslucencyLightingVolumeDim:64]]
[2021.01.18-05.48.08:019][  0]LogConfig: Setting CVar [[r.RefractionQuality:2]]
[2021.01.18-05.48.08:019][  0]LogConfig: Setting CVar [[r.SSR.Quality:3]]
[2021.01.18-05.48.08:019][  0]LogConfig: Setting CVar [[r.SceneColorFormat:4]]
[2021.01.18-05.48.08:019][  0]LogConfig: Setting CVar [[r.DetailMode:2]]
[2021.01.18-05.48.08:019][  0]LogConfig: Setting CVar [[r.TranslucencyVolumeBlur:1]]
[2021.01.18-05.48.08:019][  0]LogConfig: Setting CVar [[r.MaterialQualityLevel:1 ; High quality]]
[2021.01.18-05.48.08:019][  0]LogConfig: Setting CVar [[r.SSS.Scale:1]]
[2021.01.18-05.48.08:020][  0]LogConfig: Setting CVar [[r.SSS.SampleSet:2]]
[2021.01.18-05.48.08:020][  0]LogConfig: Setting CVar [[r.SSS.Quality:1]]
[2021.01.18-05.48.08:020][  0]LogConfig: Setting CVar [[r.SSS.HalfRes:1]]
[2021.01.18-05.48.08:020][  0]LogConfig: Setting CVar [[r.EmitterSpawnRateScale:1.0]]
[2021.01.18-05.48.08:020][  0]LogConfig: Setting CVar [[r.ParticleLightQuality:2]]
[2021.01.18-05.48.08:020][  0]LogConfig: Applying CVar settings from Section [FoliageQuality@3] File [../../../StaticBaseDefense/Saved/Config/WindowsNoEditor/Scalability.ini]
[2021.01.18-05.48.08:020][  0]LogConfig: Setting CVar [[foliage.DensityScale:1.0]]
[2021.01.18-05.48.08:020][  0]LogConfig: Setting CVar [[grass.DensityScale:1.0]]
[2021.01.18-05.48.08:020][  0]LogInit: Selected Device Profile: [WindowsNoEditor]
[2021.01.18-05.48.08:020][  0]LogInit: Applying CVar settings loaded from the selected device profile: [WindowsNoEditor]
[2021.01.18-05.48.08:025][  0]LogHAL: Display: Platform has ~ 16 GB [16903135232 / 17179869184 / 16], which maps to Larger [LargestMinGB=32, LargerMinGB=12, DefaultMinGB=8, SmallerMinGB=6, SmallestMinGB=0)
[2021.01.18-05.48.08:025][  0]LogInit: Going up to parent DeviceProfile [Windows]
[2021.01.18-05.48.08:025][  0]LogConfig: Setting CVar [[r.Vulkan.UseRealUBs:0		; Required until we fix HLR fall-out]]
[2021.01.18-05.48.08:025][  0]LogInit: Going up to parent DeviceProfile []
[2021.01.18-05.48.08:025][  0]LogConfig: Applying CVar settings from Section [ViewDistanceQuality@3] File [../../../StaticBaseDefense/Saved/Config/WindowsNoEditor/Scalability.ini]
[2021.01.18-05.48.08:025][  0]LogConfig: Setting CVar [[r.SkeletalMeshLODBias:0]]
[2021.01.18-05.48.08:025][  0]LogConfig: Setting CVar [[r.ViewDistanceScale:1.0]]
[2021.01.18-05.48.08:025][  0]LogConfig: Applying CVar settings from Section [AntiAliasingQuality@3] File [../../../StaticBaseDefense/Saved/Config/WindowsNoEditor/Scalability.ini]
[2021.01.18-05.48.08:025][  0]LogConfig: Setting CVar [[r.PostProcessAAQuality:4]]
[2021.01.18-05.48.08:025][  0]LogConfig: Applying CVar settings from Section [ShadowQuality@3] File [../../../StaticBaseDefense/Saved/Config/WindowsNoEditor/Scalability.ini]
[2021.01.18-05.48.08:025][  0]LogConfig: Setting CVar [[r.LightFunctionQuality:1]]
[2021.01.18-05.48.08:025][  0]LogConfig: Setting CVar [[r.ShadowQuality:5]]
[2021.01.18-05.48.08:025][  0]LogConfig: Setting CVar [[r.Shadow.CSM.MaxCascades:10]]
[2021.01.18-05.48.08:025][  0]LogConfig: Setting CVar [[r.Shadow.MaxResolution:2048]]
[2021.01.18-05.48.08:026][  0]LogConfig: Setting CVar [[r.Shadow.MaxCSMResolution:2048]]
[2021.01.18-05.48.08:026][  0]LogConfig: Setting CVar [[r.Shadow.RadiusThreshold:0.01]]
[2021.01.18-05.48.08:026][  0]LogConfig: Setting CVar [[r.Shadow.DistanceScale:1.0]]
[2021.01.18-05.48.08:026][  0]LogConfig: Setting CVar [[r.Shadow.CSM.TransitionScale:1.0]]
[2021.01.18-05.48.08:026][  0]LogConfig: Setting CVar [[r.Shadow.PreShadowResolutionFactor:1.0]]
[2021.01.18-05.48.08:026][  0]LogConfig: Setting CVar [[r.DistanceFieldShadowing:1]]
[2021.01.18-05.48.08:026][  0]LogConfig: Setting CVar [[r.DistanceFieldAO:1]]
[2021.01.18-05.48.08:026][  0]LogConfig: Setting CVar [[r.AOQuality:2]]
[2021.01.18-05.48.08:026][  0]LogConfig: Setting CVar [[r.VolumetricFog:1]]
[2021.01.18-05.48.08:026][  0]LogConfig: Setting CVar [[r.VolumetricFog.GridPixelSize:8]]
[2021.01.18-05.48.08:026][  0]LogConfig: Setting CVar [[r.VolumetricFog.GridSizeZ:128]]
[2021.01.18-05.48.08:026][  0]LogConfig: Setting CVar [[r.VolumetricFog.HistoryMissSupersampleCount:4]]
[2021.01.18-05.48.08:026][  0]LogConfig: Setting CVar [[r.LightMaxDrawDistanceScale:1]]
[2021.01.18-05.48.08:026][  0]LogConfig: Setting CVar [[r.CapsuleShadows:1]]
[2021.01.18-05.48.08:026][  0]LogConfig: Applying CVar settings from Section [PostProcessQuality@3] File [../../../StaticBaseDefense/Saved/Config/WindowsNoEditor/Scalability.ini]
[2021.01.18-05.48.08:026][  0]LogConfig: Setting CVar [[r.MotionBlurQuality:4]]
[2021.01.18-05.48.08:026][  0]LogConfig: Setting CVar [[r.AmbientOcclusionMipLevelFactor:0.4]]
[2021.01.18-05.48.08:026][  0]LogConfig: Setting CVar [[r.AmbientOcclusionMaxQuality:100]]
[2021.01.18-05.48.08:026][  0]LogConfig: Setting CVar [[r.AmbientOcclusionLevels:-1]]
[2021.01.18-05.48.08:026][  0]LogConfig: Setting CVar [[r.AmbientOcclusionRadiusScale:1.0]]
[2021.01.18-05.48.08:027][  0]LogConfig: Setting CVar [[r.DepthOfFieldQuality:2]]
[2021.01.18-05.48.08:027][  0]LogConfig: Setting CVar [[r.RenderTargetPoolMin:400]]
[2021.01.18-05.48.08:027][  0]LogConfig: Setting CVar [[r.LensFlareQuality:2]]
[2021.01.18-05.48.08:027][  0]LogConfig: Setting CVar [[r.SceneColorFringeQuality:1]]
[2021.01.18-05.48.08:027][  0]LogConfig: Setting CVar [[r.EyeAdaptationQuality:2]]
[2021.01.18-05.48.08:027][  0]LogConfig: Setting CVar [[r.BloomQuality:5]]
[2021.01.18-05.48.08:027][  0]LogConfig: Setting CVar [[r.FastBlurThreshold:100]]
[2021.01.18-05.48.08:027][  0]LogConfig: Setting CVar [[r.Upscale.Quality:3]]
[2021.01.18-05.48.08:027][  0]LogConfig: Setting CVar [[r.Tonemapper.GrainQuantization:1]]
[2021.01.18-05.48.08:027][  0]LogConfig: Setting CVar [[r.LightShaftQuality:1]]
[2021.01.18-05.48.08:027][  0]LogConfig: Setting CVar [[r.Filter.SizeScale:1]]
[2021.01.18-05.48.08:027][  0]LogConfig: Setting CVar [[r.Tonemapper.Quality:5]]
[2021.01.18-05.48.08:027][  0]LogConfig: Setting CVar [[r.DOF.Gather.AccumulatorQuality:1        ; higher gathering accumulator quality]]
[2021.01.18-05.48.08:027][  0]LogConfig: Setting CVar [[r.DOF.Gather.PostfilterMethod:1          ; Median3x3 postfilering method]]
[2021.01.18-05.48.08:027][  0]LogConfig: Setting CVar [[r.DOF.Gather.EnableBokehSettings:0       ; no bokeh simulation when gathering]]
[2021.01.18-05.48.08:027][  0]LogConfig: Setting CVar [[r.DOF.Gather.RingCount:4                 ; medium number of samples when gathering]]
[2021.01.18-05.48.08:027][  0]LogConfig: Setting CVar [[r.DOF.Scatter.ForegroundCompositing:1    ; additive foreground scattering]]
[2021.01.18-05.48.08:027][  0]LogConfig: Setting CVar [[r.DOF.Scatter.BackgroundCompositing:2    ; additive background scattering]]
[2021.01.18-05.48.08:027][  0]LogConfig: Setting CVar [[r.DOF.Scatter.EnableBokehSettings:1      ; bokeh simulation when scattering]]
[2021.01.18-05.48.08:027][  0]LogConfig: Setting CVar [[r.DOF.Scatter.MaxSpriteRatio:0.1         ; only a maximum of 10% of scattered bokeh]]
[2021.01.18-05.48.08:027][  0]LogConfig: Setting CVar [[r.DOF.Recombine.Quality:1                ; cheap slight out of focus]]
[2021.01.18-05.48.08:027][  0]LogConfig: Setting CVar [[r.DOF.Recombine.EnableBokehSettings:0    ; no bokeh simulation on slight out of focus]]
[2021.01.18-05.48.08:028][  0]LogConfig: Setting CVar [[r.DOF.TemporalAAQuality:1                ; more stable temporal accumulation]]
[2021.01.18-05.48.08:028][  0]LogConfig: Setting CVar [[r.DOF.Kernel.MaxForegroundRadius:0.025]]
[2021.01.18-05.48.08:028][  0]LogConfig: Setting CVar [[r.DOF.Kernel.MaxBackgroundRadius:0.025]]
[2021.01.18-05.48.08:028][  0]LogConfig: Applying CVar settings from Section [TextureQuality@3] File [../../../StaticBaseDefense/Saved/Config/WindowsNoEditor/Scalability.ini]
[2021.01.18-05.48.08:028][  0]LogConfig: Setting CVar [[r.Streaming.MipBias:0]]
[2021.01.18-05.48.08:028][  0]LogConfig: Setting CVar [[r.Streaming.AmortizeCPUToGPUCopy:0]]
[2021.01.18-05.48.08:028][  0]LogConfig: Setting CVar [[r.Streaming.MaxNumTexturesToStreamPerFrame:0]]
[2021.01.18-05.48.08:028][  0]LogConfig: Setting CVar [[r.Streaming.Boost:1]]
[2021.01.18-05.48.08:028][  0]LogConfig: Setting CVar [[r.MaxAnisotropy:8]]
[2021.01.18-05.48.08:028][  0]LogConfig: Setting CVar [[r.Streaming.LimitPoolSizeToVRAM:0]]
[2021.01.18-05.48.08:028][  0]LogConfig: Setting CVar [[r.Streaming.PoolSize:1000]]
[2021.01.18-05.48.08:028][  0]LogConfig: Setting CVar [[r.Streaming.MaxEffectiveScreenSize:0]]
[2021.01.18-05.48.08:028][  0]LogConfig: Applying CVar settings from Section [EffectsQuality@3] File [../../../StaticBaseDefense/Saved/Config/WindowsNoEditor/Scalability.ini]
[2021.01.18-05.48.08:028][  0]LogConfig: Setting CVar [[r.TranslucencyLightingVolumeDim:64]]
[2021.01.18-05.48.08:028][  0]LogConfig: Setting CVar [[r.RefractionQuality:2]]
[2021.01.18-05.48.08:028][  0]LogConfig: Setting CVar [[r.SSR.Quality:3]]
[2021.01.18-05.48.08:028][  0]LogConfig: Setting CVar [[r.SceneColorFormat:4]]
[2021.01.18-05.48.08:028][  0]LogConfig: Setting CVar [[r.DetailMode:2]]
[2021.01.18-05.48.08:028][  0]LogConfig: Setting CVar [[r.TranslucencyVolumeBlur:1]]
[2021.01.18-05.48.08:028][  0]LogConfig: Setting CVar [[r.MaterialQualityLevel:1 ; High quality]]
[2021.01.18-05.48.08:028][  0]LogConfig: Setting CVar [[r.SSS.Scale:1]]
[2021.01.18-05.48.08:028][  0]LogConfig: Setting CVar [[r.SSS.SampleSet:2]]
[2021.01.18-05.48.08:029][  0]LogConfig: Setting CVar [[r.SSS.Quality:1]]
[2021.01.18-05.48.08:029][  0]LogConfig: Setting CVar [[r.SSS.HalfRes:1]]
[2021.01.18-05.48.08:029][  0]LogConfig: Setting CVar [[r.EmitterSpawnRateScale:1.0]]
[2021.01.18-05.48.08:029][  0]LogConfig: Setting CVar [[r.ParticleLightQuality:2]]
[2021.01.18-05.48.08:029][  0]LogConfig: Applying CVar settings from Section [FoliageQuality@3] File [../../../StaticBaseDefense/Saved/Config/WindowsNoEditor/Scalability.ini]
[2021.01.18-05.48.08:029][  0]LogConfig: Setting CVar [[foliage.DensityScale:1.0]]
[2021.01.18-05.48.08:029][  0]LogConfig: Setting CVar [[grass.DensityScale:1.0]]
[2021.01.18-05.48.08:029][  0]LogConfig: Applying CVar settings from Section [Startup] File [../../../Engine/Config/ConsoleVariables.ini]
[2021.01.18-05.48.08:029][  0]LogConfig: Setting CVar [[net.UseAdaptiveNetUpdateFrequency:0]]
[2021.01.18-05.48.08:029][  0]LogConfig: Setting CVar [[p.chaos.AllowCreatePhysxBodies:1]]
[2021.01.18-05.48.08:029][  0]LogConfig: Applying CVar settings from Section [ConsoleVariables] File [../../../StaticBaseDefense/Saved/Config/WindowsNoEditor/Engine.ini]
[2021.01.18-05.48.08:029][  0]LogInit: Computer: INDACO
[2021.01.18-05.48.08:029][  0]LogInit: User: YI
[2021.01.18-05.48.08:029][  0]LogInit: CPU Page size=4096, Cores=6
[2021.01.18-05.48.08:029][  0]LogInit: High frequency timer resolution =10.000000 MHz
[2021.01.18-05.48.08:030][  0]LogMemory: Memory total: Physical=15.7GB (16GB approx) Virtual=4.0GB
[2021.01.18-05.48.08:030][  0]LogMemory: Platform Memory Stats for WindowsNoEditor
[2021.01.18-05.48.08:030][  0]LogMemory: Process Physical Memory: 49.61 MB used, 49.61 MB peak
[2021.01.18-05.48.08:030][  0]LogMemory: Process Virtual Memory: 64.32 MB used, 64.32 MB peak
[2021.01.18-05.48.08:030][  0]LogMemory: Physical Memory: 9141.36 MB used,  6978.73 MB free, 16120.09 MB total
[2021.01.18-05.48.08:030][  0]LogMemory: Virtual Memory: 273.24 MB used,  3822.64 MB free, 4095.88 MB total
[2021.01.18-05.48.08:049][  0]LogInit: Using OS detected language (en-US).
[2021.01.18-05.48.08:049][  0]LogInit: Using OS detected locale (en-US).
[2021.01.18-05.48.08:050][  0]LogTextLocalizationManager: No specific localization for 'en-US' exists, so the 'en' localization will be used.
[2021.01.18-05.48.08:077][  0]LogSlate: New Slate User Created.  User Index 0, Is Virtual User: 0
[2021.01.18-05.48.08:077][  0]LogSlate: Slate User Registered.  User Index 0, Is Virtual User: 0
[2021.01.18-05.48.08:101][  0]LogHMD: Failed to initialize OpenVR with code 110
[2021.01.18-05.48.08:101][  0]LogD3D11RHI: D3D11 adapters:
[2021.01.18-05.48.08:194][  0]LogD3D11RHI:    0. 'NVIDIA GeForce GTX 1050 Ti with Max-Q Design' (Feature Level 11_0)
[2021.01.18-05.48.08:194][  0]LogD3D11RHI:       3072/0/1023 MB DedicatedVideo/DedicatedSystem/SharedSystem, Outputs:1, VendorId:0x10de
[2021.01.18-05.48.08:220][  0]LogD3D11RHI:    1. 'Intel(R) UHD Graphics 630' (Feature Level 11_0)
[2021.01.18-05.48.08:221][  0]LogD3D11RHI:       128/0/3967 MB DedicatedVideo/DedicatedSystem/SharedSystem, Outputs:0, VendorId:0x8086
[2021.01.18-05.48.08:223][  0]LogD3D11RHI:    2. 'Microsoft Basic Render Driver' (Feature Level 11_0)
[2021.01.18-05.48.08:223][  0]LogD3D11RHI:       0/0/4095 MB DedicatedVideo/DedicatedSystem/SharedSystem, Outputs:0, VendorId:0x1414
[2021.01.18-05.48.08:223][  0]LogD3D11RHI: Chosen D3D11 Adapter: 0
[2021.01.18-05.48.08:244][  0]LogD3D11RHI: Creating new Direct3DDevice
[2021.01.18-05.48.08:244][  0]LogD3D11RHI:     GPU DeviceId: 0x1c8c (for the marketing name, search the web for "GPU Device Id")
[2021.01.18-05.48.08:244][  0]LogWindows: EnumDisplayDevices:
[2021.01.18-05.48.08:244][  0]LogWindows:    0. 'Intel(R) UHD Graphics 630' (P:1 D:1)
[2021.01.18-05.48.08:245][  0]LogWindows:    1. 'Intel(R) UHD Graphics 630' (P:0 D:0)
[2021.01.18-05.48.08:245][  0]LogWindows:    2. 'Intel(R) UHD Graphics 630' (P:0 D:0)
[2021.01.18-05.48.08:246][  0]LogWindows: DebugString: PrimaryIsNotTheChoosenAdapter PrimaryIsNotTheChoosenAdapter PrimaryIsNotTheChoosenAdapter FoundDriverCount:0 
[2021.01.18-05.48.08:246][  0]LogD3D11RHI:     Adapter Name: NVIDIA GeForce GTX 1050 Ti with Max-Q Design
[2021.01.18-05.48.08:246][  0]LogD3D11RHI:   Driver Version: Unknown (internal:Unknown, unified:Unknown)
[2021.01.18-05.48.08:246][  0]LogD3D11RHI:      Driver Date: Unknown
[2021.01.18-05.48.08:246][  0]LogRHI: Texture pool is 716 MB (70% of 1024 MB)
[2021.01.18-05.48.08:315][  0]LogD3D11RHI: Async texture creation enabled
[2021.01.18-05.48.08:327][  0]LogRendererCore: FGlobalReadBuffer::InitRHI
[2021.01.18-05.48.08:328][  0]LogRendererCore: FGlobalReadBuffer::InitRHI
[2021.01.18-05.48.08:328][  0]LogRendererCore: FGlobalReadBuffer::InitRHI
[2021.01.18-05.48.08:333][  0]LogD3D11RHI: GPU Timing Frequency: 1000.000000 (Debug: 2 1)
[2021.01.18-05.48.08:334][  0]LogShaderLibrary: Display: Failed to load Shared Shader Library: Global and no native library supported.
[2021.01.18-05.48.08:334][  0]LogShaderLibrary: Display: Failed to load Shared Shader Library: Global_SC and no native library supported.
[2021.01.18-05.48.08:334][  0]LogShaderLibrary: Display: Failed to load Shared Shader Library: Paper2D and no native library supported.
[2021.01.18-05.48.08:334][  0]LogShaderLibrary: Display: Failed to load Shared Shader Library: Paper2D_SC and no native library supported.
[2021.01.18-05.48.08:335][  0]LogShaderLibrary: Display: Failed to load Shared Shader Library: Paper2D and no native library supported.
[2021.01.18-05.48.08:335][  0]LogShaderLibrary: Display: Failed to load Shared Shader Library: Paper2D_SC and no native library supported.
[2021.01.18-05.48.08:335][  0]LogShaderLibrary: Display: Failed to load Shared Shader Library: AnimationSharing and no native library supported.
[2021.01.18-05.48.08:335][  0]LogShaderLibrary: Display: Failed to load Shared Shader Library: AnimationSharing_SC and no native library supported.
[2021.01.18-05.48.08:335][  0]LogShaderLibrary: Display: Failed to load Shared Shader Library: AnimationSharing and no native library supported.
[2021.01.18-05.48.08:335][  0]LogShaderLibrary: Display: Failed to load Shared Shader Library: AnimationSharing_SC and no native library supported.
[2021.01.18-05.48.08:335][  0]LogShaderLibrary: Display: Failed to load Shared Shader Library: CryptoKeys and no native library supported.
[2021.01.18-05.48.08:335][  0]LogShaderLibrary: Display: Failed to load Shared Shader Library: CryptoKeys_SC and no native library supported.
[2021.01.18-05.48.08:335][  0]LogShaderLibrary: Display: Failed to load Shared Shader Library: CryptoKeys and no native library supported.
[2021.01.18-05.48.08:336][  0]LogShaderLibrary: Display: Failed to load Shared Shader Library: CryptoKeys_SC and no native library supported.
[2021.01.18-05.48.08:336][  0]LogShaderLibrary: Display: Failed to load Shared Shader Library: DatasmithContent and no native library supported.
[2021.01.18-05.48.08:336][  0]LogShaderLibrary: Display: Failed to load Shared Shader Library: DatasmithContent_SC and no native library supported.
[2021.01.18-05.48.08:336][  0]LogShaderLibrary: Display: Failed to load Shared Shader Library: DatasmithContent and no native library supported.
[2021.01.18-05.48.08:336][  0]LogShaderLibrary: Display: Failed to load Shared Shader Library: DatasmithContent_SC and no native library supported.
[2021.01.18-05.48.08:336][  0]LogShaderLibrary: Display: Failed to load Shared Shader Library: MediaCompositing and no native library supported.
[2021.01.18-05.48.08:336][  0]LogShaderLibrary: Display: Failed to load Shared Shader Library: MediaCompositing_SC and no native library supported.
[2021.01.18-05.48.08:336][  0]LogShaderLibrary: Display: Failed to load Shared Shader Library: MediaCompositing and no native library supported.
[2021.01.18-05.48.08:336][  0]LogShaderLibrary: Display: Failed to load Shared Shader Library: MediaCompositing_SC and no native library supported.
[2021.01.18-05.48.08:336][  0]LogShaderLibrary: Display: Failed to load Shared Shader Library: OculusVR and no native library supported.
[2021.01.18-05.48.08:337][  0]LogShaderLibrary: Display: Failed to load Shared Shader Library: OculusVR_SC and no native library supported.
[2021.01.18-05.48.08:337][  0]LogShaderLibrary: Display: Failed to load Shared Shader Library: OculusVR and no native library supported.
[2021.01.18-05.48.08:337][  0]LogShaderLibrary: Display: Failed to load Shared Shader Library: OculusVR_SC and no native library supported.
[2021.01.18-05.48.08:337][  0]LogShaderLibrary: Display: Failed to load Shared Shader Library: SteamVR and no native library supported.
[2021.01.18-05.48.08:337][  0]LogShaderLibrary: Display: Failed to load Shared Shader Library: SteamVR_SC and no native library supported.
[2021.01.18-05.48.08:337][  0]LogShaderLibrary: Display: Failed to load Shared Shader Library: SteamVR and no native library supported.
[2021.01.18-05.48.08:337][  0]LogShaderLibrary: Display: Failed to load Shared Shader Library: SteamVR_SC and no native library supported.
[2021.01.18-05.48.08:351][  0]LogMaterial: Verifying Global Shaders for PCD3D_SM5
[2021.01.18-05.48.08:376][  0]LogSlate: Using FreeType 2.6.0
[2021.01.18-05.48.08:376][  0]LogSlate: SlateFontServices - WITH_FREETYPE: 1, WITH_HARFBUZZ: 1
[2021.01.18-05.48.08:434][  0]LogShaderLibrary: Display: Failed to load Shared Shader Library: StaticBaseDefense and no native library supported.
[2021.01.18-05.48.08:434][  0]LogShaderLibrary: Display: Failed to load Shared Shader Library: StaticBaseDefense_SC and no native library supported.
[2021.01.18-05.48.08:435][  0]LogRHI: Display: Opened pipeline cache after state change and enqueued 0 of 0 tasks for precompile.
[2021.01.18-05.48.08:435][  0]LogShaderLibrary: Display: Failed to load Shared Shader Library: StaticBaseDefense and no native library supported.
[2021.01.18-05.48.08:435][  0]LogShaderLibrary: Display: Failed to load Shared Shader Library: StaticBaseDefense_SC and no native library supported.
[2021.01.18-05.48.08:435][  0]LogRHI: Display: Opened pipeline cache after state change and enqueued 0 of 0 tasks for precompile.
[2021.01.18-05.48.08:435][  0]LogRHI: Display: Failed to open default shader pipeline cache for StaticBaseDefense using shader platform 0.
[2021.01.18-05.48.08:435][  0]LogRHI: Display: Failed to open default shader pipeline cache for StaticBaseDefense using shader platform 0.
[2021.01.18-05.48.08:435][  0]LogInit: Using OS detected language (en-US).
[2021.01.18-05.48.08:436][  0]LogInit: Using OS detected locale (en-US).
[2021.01.18-05.48.08:436][  0]LogTextLocalizationManager: No localization for 'en-US' exists, so 'en' will be used for the language.
[2021.01.18-05.48.08:436][  0]LogTextLocalizationManager: No localization for 'en-US' exists, so 'en' will be used for the locale.
[2021.01.18-05.48.08:436][  0]LogSlate: FontCache flush requested. Reason: Culture for localization was changed
[2021.01.18-05.48.08:436][  0]LogSlate: FontCache flush requested. Reason: Culture for localization was changed
[2021.01.18-05.48.08:437][  0]LogTextLocalizationManager: Compacting localization data took   0.40ms
[2021.01.18-05.48.08:440][  0]LogAssetRegistry: FAssetRegistry took 0.0025 seconds to start up
[2021.01.18-05.48.08:566][  0]LogStreaming: Display: Flushing async loaders.
[2021.01.18-05.48.08:567][  0]LogPackageLocalizationCache: Processed 9 localized package path(s) for 1 prioritized culture(s) in 0.000046 seconds
[2021.01.18-05.48.08:567][  0]LogPakFile: New pak file ../../../StaticBaseDefense/Content/Paks/StaticBaseDefense-WindowsNoEditor.pak added to pak precacher.
[2021.01.18-05.48.08:570][  0]LogInit: Selected Device Profile: [WindowsNoEditor]
[2021.01.18-05.48.08:581][  0]LogNetVersion: StaticBaseDefense 1.0.0, NetCL: 5660361, EngineNetVer: 10, GameNetVer: 0 (Checksum: 1100649819)
[2021.01.18-05.48.08:757][  0]LogMoviePlayer: Initializing movie player
[2021.01.18-05.48.08:758][  0]LogAndroidPermission: UAndroidPermissionCallbackProxy::GetInstance
[2021.01.18-05.48.08:759][  0]LogOcInput: OculusInput pre-init called
[2021.01.18-05.48.08:766][  0]LogUObjectArray: 37991 objects as part of root set at end of initial load.
[2021.01.18-05.48.08:766][  0]LogUObjectArray: 2 objects are not in the root set, but can never be destroyed because they are in the DisregardForGC set.
[2021.01.18-05.48.08:766][  0]LogUObjectAllocator: 4301124 out of 0 bytes used by permanent object pool.
[2021.01.18-05.48.08:766][  0]LogUObjectArray: CloseDisregardForGC: 37991/37991 objects in disregard for GC pool
[2021.01.18-05.48.08:844][  0]LogEngine: Initializing Engine...
[2021.01.18-05.48.08:844][  0]LogHMD: Failed to initialize OpenVR with code 110
[2021.01.18-05.48.08:856][  0]LogStats: UGameplayTagsManager::InitializeManager -  0.000 s
[2021.01.18-05.48.08:918][  0]LogInit: Initializing FReadOnlyCVARCache
[2021.01.18-05.48.08:928][  0]LogAudioDebug: Display: Lib vorbis DLL was dynamically loaded.
[2021.01.18-05.48.08:940][  0]LogInit: XAudio2 using 'Speakers/Headphones (Realtek(R) Audio)' : 2 channels at 48 kHz using 32 bits per sample (channel mask 0x3)
[2021.01.18-05.48.09:055][  0]LogInit: FAudioDevice initialized.
[2021.01.18-05.48.09:067][  0]LogNetVersion: Set ProjectVersion to 1.0.0.0. Version Checksum will be recalculated on next use.
[2021.01.18-05.48.09:067][  0]LogInit: Texture streaming: Enabled
[2021.01.18-05.48.09:069][  0]LogSlate: Updating window title bar state: overlay mode, drag disabled, window buttons hidden, title bar hidden
[2021.01.18-05.48.09:069][  0]LogInit: Display: Game Engine Initialized.
[2021.01.18-05.48.09:070][  0]LogInit: Display: Starting Game.
[2021.01.18-05.48.09:070][  0]LogNet: Browse: /Game/BaseDefense?Name=Player
[2021.01.18-05.48.09:074][  0]LogLoad: LoadMap: /Game/BaseDefense?Name=Player
[2021.01.18-05.48.09:083][  0]LogUObjectHash: Compacting FUObjectHashTables data took   1.69ms
[2021.01.18-05.48.09:099][  0]LogAIModule: Creating AISystem for world BaseDefense
[2021.01.18-05.48.09:099][  0]LogLoad: Game class is 'testbase_C'
[2021.01.18-05.48.09:101][  0]LogWorld: Bringing World /Game/BaseDefense.BaseDefense up for play (max tick rate 0) at 2021.01.18-06.48.09
[2021.01.18-05.48.09:101][  0]LogWorld: Bringing up level for play took: 0.000865
[2021.01.18-05.48.09:102][  0]LogSpawn: Warning: SpawnActor failed because no class was specified
[2021.01.18-05.48.09:106][  0]LogLoad: Took 0.032375 seconds to LoadMap(/Game/BaseDefense)
[2021.01.18-05.48.09:135][  0]LogRenderer: Reallocating scene render targets to support 1920x1080 Format 10 NumSamples 1 (Frame:1).
[2021.01.18-05.48.09:135][  0]LogSlate: Took 0.000272 seconds to synchronously load lazily loaded font '../../../Engine/Content/EngineFonts/Faces/RobotoRegular.ufont' (155K)
[2021.01.18-05.48.09:139][  0]LogLoad: (Engine Initialization) Total time: 2.15 seconds
[2021.01.18-05.48.09:193][  0]LogContentStreaming: Texture pool size now 1000 MB
[2021.01.18-05.48.09:240][  0]LogRenderer: Reallocating scene render targets to support 128x128 Format 10 NumSamples 1 (Frame:1).
[2021.01.18-05.48.09:267][  0]LogRenderer: Reallocating scene render targets to support 1920x1080 Format 10 NumSamples 1 (Frame:2).
[2021.01.18-05.48.09:285][  0]LogSlate: Slate font cache was flushed
[2021.01.18-05.48.09:287][  1]LogSlate: Took 0.000109 seconds to synchronously load lazily loaded font '../../../Engine/Content/EngineFonts/Faces/RobotoRegular.ufont' (155K)
[2021.01.18-05.48.29:594][260]LogSlate: Request Window 'StaticBaseDefense (32-bit Development PCD3D_SM5) ' being destroyed
[2021.01.18-05.48.29:624][260]LogSlate: Window 'StaticBaseDefense (32-bit Development PCD3D_SM5) ' being destroyed
[2021.01.18-05.48.29:626][260]LogWindowsTextInputMethodSystem: Display: IME system now deactivated.
[2021.01.18-05.48.29:636][260]LogSlate: Updating window title bar state: overlay mode, drag disabled, window buttons hidden, title bar hidden
[2021.01.18-05.48.29:636][260]LogEngine: All Windows Closed
[2021.01.18-05.48.29:636][260]LogWindows: FPlatformMisc::RequestExit(0)
[2021.01.18-05.48.29:867][261]LogSlate: Slate User Destroyed.  User Index 0, Is Virtual User: 0
[2021.01.18-05.48.29:867][261]LogExit: Preparing to exit.
[2021.01.18-05.48.29:867][261]LogMoviePlayer: Shutting down movie player
[2021.01.18-05.48.29:870][261]LogSlate: Updating window title bar state: overlay mode, drag disabled, window buttons hidden, title bar hidden
[2021.01.18-05.48.29:871][261]LogExit: Game engine shut down
[2021.01.18-05.48.29:900][261]LogExit: Object subsystem successfully closed.
[2021.01.18-05.48.29:909][261]LogD3D11RHI: Shutdown
[2021.01.18-05.48.29:909][261]LogD3D11RHI: CleanupD3DDevice
[2021.01.18-05.48.29:910][261]LogRendererCore: FGlobalReadBuffer::ReleaseRHI
[2021.01.18-05.48.29:910][261]LogRendererCore: FGlobalDynamicReadBuffer::Cleanup()
[2021.01.18-05.48.29:910][261]LogRendererCore: FGlobalReadBuffer::ReleaseRHI
[2021.01.18-05.48.29:910][261]LogRendererCore: FGlobalDynamicReadBuffer::Cleanup()
[2021.01.18-05.48.29:910][261]LogRendererCore: FGlobalReadBuffer::ReleaseRHI
[2021.01.18-05.48.29:910][261]LogRendererCore: FGlobalDynamicReadBuffer::Cleanup()
[2021.01.18-05.48.29:949][261]LogD3D11RHI: ~FD3D11DynamicRHI
[2021.01.18-05.48.29:951][261]LogModuleManager: Shutting down and abandoning module AutomationController (200)
[2021.01.18-05.48.29:951][261]LogModuleManager: Shutting down and abandoning module AutomationWorker (198)
[2021.01.18-05.48.29:951][261]LogModuleManager: Shutting down and abandoning module Voice (196)
[2021.01.18-05.48.29:951][261]LogModuleManager: Shutting down and abandoning module AIModule (194)
[2021.01.18-05.48.29:951][261]LogModuleManager: Shutting down and abandoning module GameplayDebugger (193)
[2021.01.18-05.48.29:951][261]LogModuleManager: Shutting down and abandoning module NavigationSystem (191)
[2021.01.18-05.48.29:951][261]LogModuleManager: Shutting down and abandoning module OculusMR (188)
[2021.01.18-05.48.29:951][261]LogModuleManager: Shutting down and abandoning module WmfMediaFactory (186)
[2021.01.18-05.48.29:951][261]LogModuleManager: Shutting down and abandoning module OpenExrWrapper (184)
[2021.01.18-05.48.29:951][261]LogModuleManager: Shutting down and abandoning module ImgMediaFactory (182)
[2021.01.18-05.48.29:951][261]LogModuleManager: Shutting down and abandoning module AvfMediaFactory (180)
[2021.01.18-05.48.29:951][261]LogModuleManager: Shutting down and abandoning module CharacterAI (178)
[2021.01.18-05.48.29:951][261]LogModuleManager: Shutting down and abandoning module SessionServices (176)
[2021.01.18-05.48.29:951][261]LogModuleManager: Shutting down and abandoning module LiveCoding (174)
[2021.01.18-05.48.29:952][261]LogModuleManager: Shutting down and abandoning module LevelSequence (172)
[2021.01.18-05.48.29:952][261]LogModuleManager: Shutting down and abandoning module MovieSceneTracks (170)
[2021.01.18-05.48.29:952][261]LogModuleManager: Shutting down and abandoning module MovieScene (168)
[2021.01.18-05.48.29:952][261]LogModuleManager: Shutting down and abandoning module StreamingPauseRendering (166)
[2021.01.18-05.48.29:952][261]LogModuleManager: Shutting down and abandoning module ImageWriteQueue (164)
[2021.01.18-05.48.29:953][261]LogModuleManager: Shutting down and abandoning module ProfilerService (162)
[2021.01.18-05.48.30:053][261]LogModuleManager: Shutting down and abandoning module TaskGraph (160)
[2021.01.18-05.48.30:053][261]LogModuleManager: Shutting down and abandoning module SteamVRController (158)
[2021.01.18-05.48.30:053][261]LogModuleManager: Shutting down and abandoning module ProceduralMeshComponent (156)
[2021.01.18-05.48.30:053][261]LogModuleManager: Shutting down and abandoning module OculusInput (154)
[2021.01.18-05.48.30:053][261]LogModuleManager: Shutting down and abandoning module MobilePatchingUtils (152)
[2021.01.18-05.48.30:053][261]LogModuleManager: Shutting down and abandoning module EditableMesh (150)
[2021.01.18-05.48.30:053][261]LogModuleManager: Shutting down and abandoning module CustomMeshComponent (148)
[2021.01.18-05.48.30:053][261]LogModuleManager: Shutting down and abandoning module CableComponent (146)
[2021.01.18-05.48.30:053][261]LogModuleManager: Shutting down and abandoning module AudioCapture (144)
[2021.01.18-05.48.30:053][261]LogModuleManager: Shutting down and abandoning module ArchVisCharacter (142)
[2021.01.18-05.48.30:053][261]LogModuleManager: Shutting down and abandoning module AndroidPermission (140)
[2021.01.18-05.48.30:053][261]LogModuleManager: Shutting down and abandoning module MediaCompositing (138)
[2021.01.18-05.48.30:053][261]LogModuleManager: Shutting down and abandoning module LinearTimecode (136)
[2021.01.18-05.48.30:053][261]LogModuleManager: Shutting down and abandoning module ImgMedia (134)
[2021.01.18-05.48.30:053][261]LogModuleManager: Shutting down and abandoning module HTML5Networking (132)
[2021.01.18-05.48.30:054][261]LogModuleManager: Shutting down and abandoning module BackChannel (130)
[2021.01.18-05.48.30:054][261]LogModuleManager: Shutting down and abandoning module AppleVision (128)
[2021.01.18-05.48.30:054][261]LogModuleManager: Shutting down and abandoning module AppleImageUtils (126)
[2021.01.18-05.48.30:054][261]LogModuleManager: Shutting down and abandoning module GeometryCacheTracks (124)
[2021.01.18-05.48.30:054][261]LogModuleManager: Shutting down and abandoning module GeometryCache (122)
[2021.01.18-05.48.30:054][261]LogModuleManager: Shutting down and abandoning module VariantManagerContent (120)
[2021.01.18-05.48.30:054][261]LogModuleManager: Shutting down and abandoning module StaticBaseDefense (118)
[2021.01.18-05.48.30:054][261]LogModuleManager: Shutting down and abandoning module RuntimePhysXCooking (116)
[2021.01.18-05.48.30:054][261]LogModuleManager: Shutting down and abandoning module PhysXVehicles (114)
[2021.01.18-05.48.30:054][261]LogModuleManager: Shutting down and abandoning module LocationServicesBPLibrary (112)
[2021.01.18-05.48.30:054][261]LogModuleManager: Shutting down and abandoning module ActorSequence (110)
[2021.01.18-05.48.30:054][261]LogModuleManager: Shutting down and abandoning module UdpMessaging (108)
[2021.01.18-05.48.30:054][261]LogModuleManager: Shutting down and abandoning module TcpMessaging (106)
[2021.01.18-05.48.30:054][261]LogModuleManager: Shutting down and abandoning module FacialAnimation (104)
[2021.01.18-05.48.30:054][261]LogModuleManager: Shutting down and abandoning module SignificanceManager (102)
[2021.01.18-05.48.30:054][261]LogModuleManager: Shutting down and abandoning module AnimationSharing (100)
[2021.01.18-05.48.30:054][261]LogModuleManager: Shutting down and abandoning module LightPropagationVolumeRuntime (98)
[2021.01.18-05.48.30:054][261]LogModuleManager: Shutting down and abandoning module AISupportModule (96)
[2021.01.18-05.48.30:054][261]LogModuleManager: Shutting down and abandoning module Paper2D (94)
[2021.01.18-05.48.30:054][261]LogModuleManager: Shutting down and abandoning module WindowsMoviePlayer (92)
[2021.01.18-05.48.30:055][261]LogModuleManager: Shutting down and abandoning module PacketHandler (90)
[2021.01.18-05.48.30:055][261]LogModuleManager: Shutting down and abandoning module ClothingSystemRuntime (88)
[2021.01.18-05.48.30:055][261]LogModuleManager: Shutting down and abandoning module MediaAssets (86)
[2021.01.18-05.48.30:055][261]LogModuleManager: Shutting down and abandoning module Overlay (84)
[2021.01.18-05.48.30:055][261]LogModuleManager: Shutting down and abandoning module UMG (82)
[2021.01.18-05.48.30:055][261]LogModuleManager: Shutting down and abandoning module SlateReflector (80)
[2021.01.18-05.48.30:055][261]LogModuleManager: Shutting down and abandoning module Slate (78)
[2021.01.18-05.48.30:055][261]LogModuleManager: Shutting down and abandoning module MRMesh (76)
[2021.01.18-05.48.30:055][261]LogModuleManager: Shutting down and abandoning module Messaging (74)
[2021.01.18-05.48.30:055][261]LogModuleManager: Shutting down and abandoning module HeadMountedDisplay (72)
[2021.01.18-05.48.30:055][261]LogModuleManager: Shutting down and abandoning module XAudio2 (70)
[2021.01.18-05.48.30:055][261]LogModuleManager: Shutting down and abandoning module Networking (68)
[2021.01.18-05.48.30:055][261]LogModuleManager: Shutting down and abandoning module Core (66)
[2021.01.18-05.48.30:055][261]LogModuleManager: Shutting down and abandoning module ImageWrapper (62)
[2021.01.18-05.48.30:055][261]LogModuleManager: Shutting down and abandoning module InputCore (60)
[2021.01.18-05.48.30:055][261]LogModuleManager: Shutting down and abandoning module PhysXCooking (58)
[2021.01.18-05.48.30:055][261]LogModuleManager: Shutting down and abandoning module SteamVR (56)
[2021.01.18-05.48.30:055][261]LogHMD: Freeing OpenVRDLLHandle.
[2021.01.18-05.48.30:055][261]LogModuleManager: Shutting down and abandoning module OculusHMD (54)
[2021.01.18-05.48.30:056][261]LogModuleManager: Shutting down and abandoning module ExampleDeviceProfileSelector (52)
[2021.01.18-05.48.30:056][261]LogModuleManager: Shutting down and abandoning module LauncherChunkInstaller (50)
[2021.01.18-05.48.30:056][261]LogModuleManager: Shutting down and abandoning module OnlineSubsystem (46)
[2021.01.18-05.48.30:056][261]LogModuleManager: Shutting down and abandoning module HTTP (41)
[2021.01.18-05.48.30:089][261]LogModuleManager: Shutting down and abandoning module SSL (40)
[2021.01.18-05.48.30:089][261]LogModuleManager: Shutting down and abandoning module WmfMedia (36)
[2021.01.18-05.48.30:090][261]LogModuleManager: Shutting down and abandoning module Media (35)
[2021.01.18-05.48.30:095][261]LogModuleManager: Shutting down and abandoning module DatasmithContent (32)
[2021.01.18-05.48.30:095][261]LogModuleManager: Shutting down and abandoning module RenderCore (30)
[2021.01.18-05.48.30:096][261]LogModuleManager: Shutting down and abandoning module Landscape (28)
[2021.01.18-05.48.30:096][261]LogModuleManager: Shutting down and abandoning module SlateRHIRenderer (26)
[2021.01.18-05.48.30:096][261]LogModuleManager: Shutting down and abandoning module OpenGLDrv (24)
[2021.01.18-05.48.30:096][261]LogModuleManager: Shutting down and abandoning module D3D11RHI (22)
[2021.01.18-05.48.30:096][261]LogModuleManager: Shutting down and abandoning module AnimGraphRuntime (20)
[2021.01.18-05.48.30:096][261]LogModuleManager: Shutting down and abandoning module Renderer (18)
[2021.01.18-05.48.30:096][261]LogModuleManager: Shutting down and abandoning module Engine (16)
[2021.01.18-05.48.30:096][261]LogModuleManager: Shutting down and abandoning module CoreUObject (14)
[2021.01.18-05.48.30:096][261]LogModuleManager: Shutting down and abandoning module NetworkFile (12)
[2021.01.18-05.48.30:096][261]LogModuleManager: Shutting down and abandoning module CookedIterativeFile (10)
[2021.01.18-05.48.30:096][261]LogModuleManager: Shutting down and abandoning module StreamingFile (8)
[2021.01.18-05.48.30:096][261]LogModuleManager: Shutting down and abandoning module SandboxFile (6)
[2021.01.18-05.48.30:096][261]LogModuleManager: Shutting down and abandoning module PakFile (4)
[2021.01.18-05.48.30:097][261]LogModuleManager: Shutting down and abandoning module RSA (3)
[2021.01.18-05.48.30:100][261]LogExit: Exiting.
[2021.01.18-05.48.30:105][261]Log file closed, 01/18/21 06:48:30
